-------------------------------------------------------------------------------
Test set: com.amazon.runners.CukesRunner
-------------------------------------------------------------------------------
Tests run: 1, Failures: 1, Errors: 0, Skipped: 0, Time elapsed: 35.048 s <<< FAILURE! - in com.amazon.runners.CukesRunner
User should able to login with valid credential - Happy Path(Login Functionality)  Time elapsed: 33.606 s  <<< FAILURE!
org.junit.ComparisonFailure: expected:<Amazon[.com.tr: Elektronik, bilgisayar, akıllı telefon, kitap, oyuncak, yapı market, ev, mutfak, oyun konsolları ürünleri ve daha fazlası için internet alışveriş sitesi]> but was:<Amazon[]>

