<?xml version="1.0" encoding="UTF-8"?>
<testsuite xmlns:xsi="http://www.w3.org/2001/XMLSchema-instance" xsi:noNamespaceSchemaLocation="https://maven.apache.org/surefire/maven-surefire-plugin/xsd/surefire-test-report.xsd" name="com.amazon.runners.CukesRunner" time="35.048" tests="1" errors="0" skipped="0" failures="1">
  <properties>
[...]
</properties>
  <testcase name="User should able to login with valid credential - Happy Path" classname="Login Functionality" time="33.606">
    <failure message="expected:&lt;Amazon[.com.tr: Elektronik, bilgisayar, akıllı telefon, kitap, oyuncak, yapı market, ev, mutfak, oyun konsolları ürünleri ve daha fazlası için internet alışveriş sitesi]&gt; but was:&lt;Amazon[]&gt;" type="org.junit.ComparisonFailure"><![CDATA[org.junit.ComparisonFailure: expected:<Amazon[.com.tr: Elektronik, bilgisayar, akıllı telefon, kitap, oyuncak, yapı market, ev, mutfak, oyun konsolları ürünleri ve daha fazlası için internet alışveriş sitesi]> but was:<Amazon[]>
]]></failure>
    <system-err><![CDATA[Jan 11, 2021 1:50:46 PM io.cucumber.junit.Cucumber <init>
WARNING: By default Cucumber is running in --non-strict mode.
This default will change to --strict and --non-strict will be removed.
You can use --strict or @CucumberOptions(strict = true) to suppress this warning
SLF4J: Failed to load class "org.slf4j.impl.StaticLoggerBinder".
SLF4J: Defaulting to no-operation (NOP) logger implementation
SLF4J: See http://www.slf4j.org/codes.html#StaticLoggerBinder for further details.
Starting ChromeDriver 87.0.4280.88 (89e2380a3e36c3464b5dd1302349b1382549290d-refs/branch-heads/4280@{#1761}) on port 34762
Only local connections are allowed.
Please see https://chromedriver.chromium.org/security-considerations for suggestions on keeping ChromeDriver safe.
ChromeDriver was started successfully.
Jan 11, 2021 1:50:59 PM org.openqa.selenium.remote.ProtocolHandshake createSession
INFO: Detected dialect: W3C
]]></system-err>
  </testcase>
</testsuite>